+OK+
--host=127.0.0.1
fileName::conf/OurBallForm.conf
end connect
	team:CIT3D playerID:2 time delay:0 beam:( -0.5 , 0 , 1.66755e-43 )

	running......

CITConf::1
------------------------------------
-----------------------------------time:82.04
------------------------------------
-----------------------------------time:82.04
------------------------------------
OurBallRightAttackForm2
fileName::conf/OurBallForm.conf
-----------------------------------time:82.04
------------------------------------
-----------------------------------time:82.04
------------------------------------
-----------------------------------time:82.04
------------------------------------
-----------------------------------time:82.04
------------------------------------
-----------------------------------time:82.04
------------------------------------
-----------------------------------time:82.04
------------------------------------
-----------------------------------time:82.04
------------------------------------
-----------------------------------time:82.04
------------------------------------
-----------------------------------time:82.04
------------------------------------
-----------------------------------time:82.04
------------------------------------
-----------------------------------time:82.04
------------------------------------
-----------------------------------time:82.04
------------------------------------
-----------------------------------time:82.04
------------------------------------
-----------------------------------time:82.04
------------------------------------
-----------------------------------time:82.04
------------------------------------
-----------------------------------time:82.04
------------------------------------
-----------------------------------time:82.04
------------------------------------
-----------------------------------time:82.04
------------------------------------
-----------------------------------time:82.04
------------------------------------
-----------------------------------time:82.04
------------------------------------
-----------------------------------time:82.04
------------------------------------
-----------------------------------time:82.04
------------------------------------
-----------------------------------time:82.04
------------------------------------
-----------------------------------time:82.04
------------------------------------
-----------------------------------time:82.04
------------------------------------
-----------------------------------time:82.04
------------------------------------
-----------------------------------time:82.04
------------------------------------
-----------------------------------time:82.04
------------------------------------
-----------------------------------time:82.04
------------------------------------
do not fall down
KickOffstart::0
HIP0.055
THIGH0.135
SHANK0.11
BODYHEIGHT0.24
-----------------------------------time:82.06
------------------------------------
do not fall down
KickOffstart::0
HIP0.055
THIGH0.135
SHANK0.11
BODYHEIGHT0.24
-----------------------------------time:82.08
------------------------------------
do not fall down
KickOffstart::0
HIP0.055
THIGH0.135
SHANK0.11
BODYHEIGHT0.24
-----------------------------------time:82.1
------------------------------------
do not fall down
KickOffstart::0
HIP0.055
THIGH0.135
SHANK0.11
BODYHEIGHT0.24
-----------------------------------time:82.12
------------------------------------
do not fall down
KickOffstart::0
HIP0.055
THIGH0.135
SHANK0.11
BODYHEIGHT0.24
-----------------------------------time:82.14
------------------------------------
do not fall down
KickOffstart::0
HIP0.055
THIGH0.135
SHANK0.11
BODYHEIGHT0.24
-----------------------------------time:82.16
------------------------------------
do not fall down
KickOffstart::0
HIP0.055
THIGH0.135
SHANK0.11
BODYHEIGHT0.24
-----------------------------------time:82.18
------------------------------------
do not fall down
KickOffstart::0
HIP0.055
THIGH0.135
SHANK0.11
BODYHEIGHT0.24
-----------------------------------time:82.2
------------------------------------
do not fall down
KickOffstart::0
HIP0.055
THIGH0.135
SHANK0.11
BODYHEIGHT0.24
-----------------------------------time:82.22
------------------------------------
do not fall down
KickOffstart::0
HIP0.055
THIGH0.135
SHANK0.11
BODYHEIGHT0.24
-----------------------------------time:82.24
------------------------------------
do not fall down
KickOffstart::0
HIP0.055
THIGH0.135
SHANK0.11
BODYHEIGHT0.24
-----------------------------------time:82.26
------------------------------------
do not fall down
KickOffstart::0
HIP0.055
THIGH0.135
SHANK0.11
BODYHEIGHT0.24
-----------------------------------time:82.28
------------------------------------
do not fall down
KickOffstart::0
HIP0.055
THIGH0.135
SHANK0.11
BODYHEIGHT0.24
-----------------------------------time:82.3
------------------------------------
do not fall down
KickOffstart::0
HIP0.055
THIGH0.135
SHANK0.11
BODYHEIGHT0.24
-----------------------------------time:82.32
------------------------------------
do not fall down
KickOffstart::0
HIP0.055
THIGH0.135
SHANK0.11
BODYHEIGHT0.24
-----------------------------------time:82.34
------------------------------------
do not fall down
KickOffstart::0
HIP0.055
THIGH0.135
SHANK0.11
BODYHEIGHT0.24
-----------------------------------time:82.36
------------------------------------
do not fall down
KickOffstart::0
HIP0.055
THIGH0.135
SHANK0.11
BODYHEIGHT0.24
-----------------------------------time:82.38
------------------------------------
do not fall down
KickOffstart::0
HIP0.055
THIGH0.135
SHANK0.11
BODYHEIGHT0.24
-----------------------------------time:82.4
------------------------------------
do not fall down
KickOffstart::0
HIP0.055
THIGH0.135
SHANK0.11
BODYHEIGHT0.24
-----------------------------------time:82.42
------------------------------------
do not fall down
KickOffstart::0
HIP0.055
THIGH0.135
SHANK0.11
BODYHEIGHT0.24
-----------------------------------time:82.44
------------------------------------
do not fall down
KickOffstart::0
HIP0.055
THIGH0.135
SHANK0.11
BODYHEIGHT0.24
-----------------------------------time:82.46
------------------------------------
do not fall down
KickOffstart::0
HIP0.055
THIGH0.135
SHANK0.11
BODYHEIGHT0.24
-----------------------------------time:82.48
------------------------------------
do not fall down
KickOffstart::0
HIP0.055
THIGH0.135
SHANK0.11
BODYHEIGHT0.24
-----------------------------------time:82.5
------------------------------------
do not fall down
KickOffstart::0
HIP0.055
THIGH0.135
SHANK0.11
BODYHEIGHT0.24
-----------------------------------time:82.52
------------------------------------
do not fall down
KickOffstart::0
HIP0.055
THIGH0.135
SHANK0.11
BODYHEIGHT0.24
-----------------------------------time:82.54
------------------------------------
do not fall down
KickOffstart::0
HIP0.055
THIGH0.135
SHANK0.11
BODYHEIGHT0.24
-----------------------------------time:82.56
------------------------------------
do not fall down
KickOffstart::0
HIP0.055
THIGH0.135
SHANK0.11
BODYHEIGHT0.24
-----------------------------------time:82.58
------------------------------------
do not fall down
KickOffstart::0
HIP0.055
THIGH0.135
SHANK0.11
BODYHEIGHT0.24
-----------------------------------time:82.6
------------------------------------
do not fall down
KickOffstart::0
HIP0.055
THIGH0.135
SHANK0.11
BODYHEIGHT0.24
-----------------------------------time:82.62
------------------------------------
do not fall down
KickOffstart::0
HIP0.055
THIGH0.135
SHANK0.11
BODYHEIGHT0.24
-----------------------------------time:82.64
------------------------------------
do not fall down
KickOffstart::0
HIP0.055
THIGH0.135
SHANK0.11
BODYHEIGHT0.24
-----------------------------------time:82.66
------------------------------------
do not fall down
KickOffstart::0
HIP0.055
THIGH0.135
SHANK0.11
BODYHEIGHT0.24
-----------------------------------time:82.68
------------------------------------
do not fall down
KickOffstart::0
HIP0.055
THIGH0.135
SHANK0.11
BODYHEIGHT0.24
-----------------------------------time:82.7
------------------------------------
do not fall down
KickOffstart::0
HIP0.055
THIGH0.135
SHANK0.11
BODYHEIGHT0.24
-----------------------------------time:82.72
------------------------------------
do not fall down
KickOffstart::0
HIP0.055
THIGH0.135
SHANK0.11
BODYHEIGHT0.24
-----------------------------------time:82.74
------------------------------------
do not fall down
KickOffstart::0
HIP0.055
THIGH0.135
SHANK0.11
BODYHEIGHT0.24
-----------------------------------time:82.76
------------------------------------
do not fall down
KickOffstart::0
HIP0.055
THIGH0.135
SHANK0.11
BODYHEIGHT0.24
-----------------------------------time:82.78
------------------------------------
do not fall down
KickOffstart::0
HIP0.055
THIGH0.135
SHANK0.11
BODYHEIGHT0.24
-----------------------------------time:82.8
------------------------------------
do not fall down
KickOffstart::0
HIP0.055
THIGH0.135
SHANK0.11
BODYHEIGHT0.24
-----------------------------------time:82.82
------------------------------------
do not fall down
KickOffstart::0
HIP0.055
THIGH0.135
SHANK0.11
BODYHEIGHT0.24
-----------------------------------time:82.84
------------------------------------
do not fall down
KickOffstart::0
HIP0.055
THIGH0.135
SHANK0.11
BODYHEIGHT0.24
-----------------------------------time:82.86
------------------------------------
do not fall down
KickOffstart::0
HIP0.055
THIGH0.135
SHANK0.11
BODYHEIGHT0.24
-----------------------------------time:82.88
------------------------------------
do not fall down
KickOffstart::0
HIP0.055
THIGH0.135
SHANK0.11
BODYHEIGHT0.24
-----------------------------------time:82.9
------------------------------------
do not fall down
KickOffstart::0
HIP0.055
THIGH0.135
SHANK0.11
BODYHEIGHT0.24
-----------------------------------time:82.92
------------------------------------
do not fall down
KickOffstart::0
HIP0.055
THIGH0.135
SHANK0.11
BODYHEIGHT0.24
-----------------------------------time:82.94
------------------------------------
do not fall down
KickOffstart::0
HIP0.055
THIGH0.135
SHANK0.11
BODYHEIGHT0.24
-----------------------------------time:82.96
------------------------------------
do not fall down
KickOffstart::0
HIP0.055
THIGH0.135
SHANK0.11
BODYHEIGHT0.24
-----------------------------------time:82.98
------------------------------------
do not fall down
KickOffstart::0
HIP0.055
THIGH0.135
SHANK0.11
BODYHEIGHT0.24
-----------------------------------time:83
------------------------------------
do not fall down
KickOffstart::0
HIP0.055
THIGH0.135
SHANK0.11
BODYHEIGHT0.24
-----------------------------------time:83.02
------------------------------------
do not fall down
KickOffstart::0
HIP0.055
THIGH0.135
SHANK0.11
BODYHEIGHT0.24
-----------------------------------time:83.04
------------------------------------
do not fall down
KickOffstart::0
HIP0.055
THIGH0.135
SHANK0.11
BODYHEIGHT0.24
-----------------------------------time:83.06
------------------------------------
do not fall down
KickOffstart::0
HIP0.055
THIGH0.135
SHANK0.11
BODYHEIGHT0.24
-----------------------------------time:83.08
------------------------------------
do not fall down
KickOffstart::0
HIP0.055
THIGH0.135
SHANK0.11
BODYHEIGHT0.24
-----------------------------------time:83.1
------------------------------------
do not fall down
KickOffstart::0
HIP0.055
THIGH0.135
SHANK0.11
BODYHEIGHT0.24
-----------------------------------time:83.12
------------------------------------
do not fall down
KickOffstart::0
HIP0.055
THIGH0.135
SHANK0.11
BODYHEIGHT0.24
-----------------------------------time:83.14
------------------------------------
do not fall down
KickOffstart::0
HIP0.055
THIGH0.135
SHANK0.11
BODYHEIGHT0.24
-----------------------------------time:83.16
------------------------------------
do not fall down
KickOffstart::0
HIP0.055
THIGH0.135
SHANK0.11
BODYHEIGHT0.24
-----------------------------------time:83.18
------------------------------------
do not fall down
KickOffstart::0
HIP0.055
THIGH0.135
SHANK0.11
BODYHEIGHT0.24
-----------------------------------time:83.2
------------------------------------
do not fall down
KickOffstart::0
HIP0.055
THIGH0.135
SHANK0.11
BODYHEIGHT0.24
-----------------------------------time:83.22
------------------------------------
do not fall down
KickOffstart::0
HIP0.055
THIGH0.135
SHANK0.11
BODYHEIGHT0.24
-----------------------------------time:83.24
------------------------------------
do not fall down
KickOffstart::0
HIP0.055
THIGH0.135
SHANK0.11
BODYHEIGHT0.24
-----------------------------------time:83.26
------------------------------------
do not fall down
KickOffstart::0
HIP0.055
THIGH0.135
SHANK0.11
BODYHEIGHT0.24
-----------------------------------time:83.28
------------------------------------
do not fall down
KickOffstart::0
HIP0.055
THIGH0.135
SHANK0.11
BODYHEIGHT0.24
-----------------------------------time:83.3
------------------------------------
do not fall down
KickOffstart::0
HIP0.055
THIGH0.135
SHANK0.11
BODYHEIGHT0.24
-----------------------------------time:83.32
------------------------------------
do not fall down
KickOffstart::0
HIP0.055
THIGH0.135
SHANK0.11
BODYHEIGHT0.24
-----------------------------------time:83.34
------------------------------------
do not fall down
KickOffstart::0
HIP0.055
THIGH0.135
SHANK0.11
BODYHEIGHT0.24
-----------------------------------time:83.36
------------------------------------
do not fall down
KickOffstart::0
HIP0.055
THIGH0.135
SHANK0.11
BODYHEIGHT0.24
-----------------------------------time:83.38
------------------------------------
do not fall down
KickOffstart::0
HIP0.055
THIGH0.135
SHANK0.11
BODYHEIGHT0.24
-----------------------------------time:83.4
------------------------------------
do not fall down
KickOffstart::0
HIP0.055
THIGH0.135
SHANK0.11
BODYHEIGHT0.24
-----------------------------------time:83.42
------------------------------------
do not fall down
KickOffstart::0
HIP0.055
THIGH0.135
SHANK0.11
BODYHEIGHT0.24
-----------------------------------time:83.44
------------------------------------
do not fall down
KickOffstart::0
HIP0.055
THIGH0.135
SHANK0.11
BODYHEIGHT0.24
-----------------------------------time:83.46
------------------------------------
do not fall down
KickOffstart::0
HIP0.055
THIGH0.135
SHANK0.11
BODYHEIGHT0.24
-----------------------------------time:83.48
------------------------------------
do not fall down
KickOffstart::0
HIP0.055
THIGH0.135
SHANK0.11
BODYHEIGHT0.24
-----------------------------------time:83.5
------------------------------------
do not fall down
KickOffstart::0
HIP0.055
THIGH0.135
SHANK0.11
BODYHEIGHT0.24
-----------------------------------time:83.52
------------------------------------
do not fall down
KickOffstart::0
HIP0.055
THIGH0.135
SHANK0.11
BODYHEIGHT0.24
-----------------------------------time:83.54
------------------------------------
do not fall down
KickOffstart::0
HIP0.055
THIGH0.135
SHANK0.11
BODYHEIGHT0.24
-----------------------------------time:83.56
------------------------------------
do not fall down
KickOffstart::0
HIP0.055
THIGH0.135
SHANK0.11
BODYHEIGHT0.24
-----------------------------------time:83.58
------------------------------------
do not fall down
KickOffstart::0
HIP0.055
THIGH0.135
SHANK0.11
BODYHEIGHT0.24
-----------------------------------time:83.6
------------------------------------
do not fall down
KickOffstart::0
HIP0.055
THIGH0.135
SHANK0.11
BODYHEIGHT0.24
-----------------------------------time:83.62
------------------------------------
do not fall down
KickOffstart::0
HIP0.055
THIGH0.135
SHANK0.11
BODYHEIGHT0.24
-----------------------------------time:83.64
------------------------------------
do not fall down
KickOffstart::0
HIP0.055
THIGH0.135
SHANK0.11
BODYHEIGHT0.24
-----------------------------------time:83.66
------------------------------------
do not fall down
KickOffstart::0
HIP0.055
THIGH0.135
SHANK0.11
BODYHEIGHT0.24
-----------------------------------time:83.68
------------------------------------
do not fall down
KickOffstart::0
HIP0.055
THIGH0.135
SHANK0.11
BODYHEIGHT0.24
-----------------------------------time:83.7
------------------------------------
do not fall down
KickOffstart::0
HIP0.055
THIGH0.135
SHANK0.11
BODYHEIGHT0.24
-----------------------------------time:83.72
------------------------------------
do not fall down
KickOffstart::0
HIP0.055
THIGH0.135
SHANK0.11
BODYHEIGHT0.24
-----------------------------------time:83.74
------------------------------------
do not fall down
KickOffstart::0
HIP0.055
THIGH0.135
SHANK0.11
BODYHEIGHT0.24
-----------------------------------time:83.76
------------------------------------
do not fall down
KickOffstart::0
HIP0.055
THIGH0.135
SHANK0.11
BODYHEIGHT0.24
-----------------------------------time:83.78
------------------------------------
do not fall down
KickOffstart::0
HIP0.055
THIGH0.135
SHANK0.11
BODYHEIGHT0.24
-----------------------------------time:83.8
------------------------------------
do not fall down
KickOffstart::0
HIP0.055
THIGH0.135
SHANK0.11
BODYHEIGHT0.24
-----------------------------------time:83.82
------------------------------------
do not fall down
KickOffstart::0
HIP0.055
THIGH0.135
SHANK0.11
BODYHEIGHT0.24
-----------------------------------time:83.84
------------------------------------
do not fall down
KickOffstart::0
HIP0.055
THIGH0.135
SHANK0.11
BODYHEIGHT0.24
-----------------------------------time:83.86
------------------------------------
do not fall down
KickOffstart::0
HIP0.055
THIGH0.135
SHANK0.11
BODYHEIGHT0.24
-----------------------------------time:83.88
------------------------------------
do not fall down
KickOffstart::0
HIP0.055
THIGH0.135
SHANK0.11
BODYHEIGHT0.24
-----------------------------------time:83.9
------------------------------------
do not fall down
KickOffstart::0
HIP0.055
THIGH0.135
SHANK0.11
BODYHEIGHT0.24
-----------------------------------time:83.92
------------------------------------
do not fall down
KickOffstart::0
HIP0.055
THIGH0.135
SHANK0.11
BODYHEIGHT0.24
-----------------------------------time:83.94
------------------------------------
do not fall down
KickOffstart::0
HIP0.055
THIGH0.135
SHANK0.11
BODYHEIGHT0.24
-----------------------------------time:83.96
------------------------------------
do not fall down
KickOffstart::0
HIP0.055
THIGH0.135
SHANK0.11
BODYHEIGHT0.24
-----------------------------------time:83.98
------------------------------------
do not fall down
KickOffstart::0
HIP0.055
THIGH0.135
SHANK0.11
BODYHEIGHT0.24
-----------------------------------time:84
------------------------------------
do not fall down
KickOffstart::0
HIP0.055
THIGH0.135
SHANK0.11
BODYHEIGHT0.24
-----------------------------------time:84.02
------------------------------------
do not fall down
KickOffstart::0
HIP0.055
THIGH0.135
SHANK0.11
BODYHEIGHT0.24
-----------------------------------time:84.04
------------------------------------
do not fall down
KickOffstart::0
HIP0.055
THIGH0.135
SHANK0.11
BODYHEIGHT0.24
-----------------------------------time:84.06
------------------------------------
do not fall down
KickOffstart::0
HIP0.055
THIGH0.135
SHANK0.11
BODYHEIGHT0.24
-----------------------------------time:84.08
------------------------------------
do not fall down
KickOffstart::0
HIP0.055
THIGH0.135
SHANK0.11
BODYHEIGHT0.24
-----------------------------------time:84.1
------------------------------------
do not fall down
KickOffstart::0
HIP0.055
THIGH0.135
SHANK0.11
BODYHEIGHT0.24
-----------------------------------time:84.12
------------------------------------
do not fall down
KickOffstart::0
HIP0.055
THIGH0.135
SHANK0.11
BODYHEIGHT0.24
-----------------------------------time:84.14
------------------------------------
do not fall down
KickOffstart::0
HIP0.055
THIGH0.135
SHANK0.11
BODYHEIGHT0.24
-----------------------------------time:84.16
------------------------------------
do not fall down
KickOffstart::0
HIP0.055
THIGH0.135
SHANK0.11
BODYHEIGHT0.24
-----------------------------------time:84.18
------------------------------------
do not fall down
KickOffstart::0
HIP0.055
THIGH0.135
SHANK0.11
BODYHEIGHT0.24
-----------------------------------time:84.2
------------------------------------
do not fall down
KickOffstart::0
HIP0.055
THIGH0.135
SHANK0.11
BODYHEIGHT0.24
-----------------------------------time:84.22
------------------------------------
do not fall down
KickOffstart::0
HIP0.055
THIGH0.135
SHANK0.11
BODYHEIGHT0.24
-----------------------------------time:84.24
------------------------------------
do not fall down
KickOffstart::0
HIP0.055
THIGH0.135
SHANK0.11
BODYHEIGHT0.24
-----------------------------------time:84.26
------------------------------------
do not fall down
KickOffstart::0
HIP0.055
THIGH0.135
SHANK0.11
BODYHEIGHT0.24
-----------------------------------time:84.28
------------------------------------
do not fall down
KickOffstart::0
HIP0.055
THIGH0.135
SHANK0.11
BODYHEIGHT0.24
-----------------------------------time:84.3
------------------------------------
do not fall down
KickOffstart::0
HIP0.055
THIGH0.135
SHANK0.11
BODYHEIGHT0.24
-----------------------------------time:84.32
------------------------------------
do not fall down
KickOffstart::0
HIP0.055
THIGH0.135
SHANK0.11
BODYHEIGHT0.24
-----------------------------------time:84.34
------------------------------------
do not fall down
KickOffstart::0
HIP0.055
THIGH0.135
SHANK0.11
BODYHEIGHT0.24
-----------------------------------time:84.36
------------------------------------
do not fall down
KickOffstart::0
HIP0.055
THIGH0.135
SHANK0.11
BODYHEIGHT0.24
-----------------------------------time:84.38
------------------------------------
do not fall down
KickOffstart::0
HIP0.055
THIGH0.135
SHANK0.11
BODYHEIGHT0.24
-----------------------------------time:84.4
------------------------------------
do not fall down
KickOffstart::0
HIP0.055
THIGH0.135
SHANK0.11
BODYHEIGHT0.24
-----------------------------------time:84.42
------------------------------------
do not fall down
KickOffstart::0
HIP0.055
THIGH0.135
SHANK0.11
BODYHEIGHT0.24
-----------------------------------time:84.44
------------------------------------
do not fall down
KickOffstart::0
HIP0.055
THIGH0.135
SHANK0.11
BODYHEIGHT0.24
-----------------------------------time:84.46
------------------------------------
do not fall down
KickOffstart::0
HIP0.055
THIGH0.135
SHANK0.11
BODYHEIGHT0.24
-----------------------------------time:84.48
------------------------------------
do not fall down
KickOffstart::0
HIP0.055
THIGH0.135
SHANK0.11
BODYHEIGHT0.24
-----------------------------------time:84.5
------------------------------------
do not fall down
KickOffstart::0
HIP0.055
THIGH0.135
SHANK0.11
BODYHEIGHT0.24
-----------------------------------time:84.52
------------------------------------
do not fall down
KickOffstart::0
HIP0.055
THIGH0.135
SHANK0.11
BODYHEIGHT0.24
-----------------------------------time:84.54
------------------------------------
do not fall down
KickOffstart::0
HIP0.055
THIGH0.135
SHANK0.11
BODYHEIGHT0.24
-----------------------------------time:84.56
------------------------------------
do not fall down
KickOffstart::0
HIP0.055
THIGH0.135
SHANK0.11
BODYHEIGHT0.24
-----------------------------------time:84.58
------------------------------------
do not fall down
KickOffstart::0
HIP0.055
THIGH0.135
SHANK0.11
BODYHEIGHT0.24
-----------------------------------time:84.6
------------------------------------
do not fall down
KickOffstart::0
-----------------------------------time:84.62
------------------------------------
do not fall down
KickOffstart::0
-----------------------------------time:84.64
------------------------------------
do not fall down
KickOffstart::0
-----------------------------------time:84.66
------------------------------------
do not fall down
KickOffstart::0
-----------------------------------time:84.68
------------------------------------
do not fall down
KickOffstart::0
-----------------------------------time:84.7
------------------------------------
do not fall down
KickOffstart::0
-----------------------------------time:84.72
------------------------------------
do not fall down
KickOffstart::0
-----------------------------------time:84.74
------------------------------------
do not fall down
KickOffstart::0
-----------------------------------time:84.76
------------------------------------
do not fall down
KickOffstart::0
-----------------------------------time:84.78
------------------------------------
do not fall down
KickOffstart::0
-----------------------------------time:84.8
------------------------------------
do not fall down
KickOffstart::0
-----------------------------------time:84.82
------------------------------------
do not fall down
KickOffstart::0
-----------------------------------time:84.84
------------------------------------
do not fall down
KickOffstart::0
-----------------------------------time:84.86
------------------------------------
do not fall down
KickOffstart::0
-----------------------------------time:84.88
------------------------------------
do not fall down
KickOffstart::0
-----------------------------------time:84.9
------------------------------------
do not fall down
KickOffstart::0
-----------------------------------time:84.92
------------------------------------
do not fall down
KickOffstart::0
-----------------------------------time:84.94
------------------------------------
do not fall down
KickOffstart::0
-----------------------------------time:84.96
------------------------------------
do not fall down
KickOffstart::0
-----------------------------------time:84.98
------------------------------------
do not fall down
KickOffstart::0
-----------------------------------time:85
------------------------------------
do not fall down
KickOffstart::0
-----------------------------------time:85.02
------------------------------------
do not fall down
KickOffstart::0
-----------------------------------time:85.04
------------------------------------
do not fall down
KickOffstart::0
-----------------------------------time:85.06
------------------------------------
do not fall down
KickOffstart::0
-----------------------------------time:85.08
------------------------------------
do not fall down
KickOffstart::0
-----------------------------------time:85.1
------------------------------------
do not fall down
KickOffstart::0
-----------------------------------time:85.12
------------------------------------
do not fall down
KickOffstart::0
-----------------------------------time:85.14
------------------------------------
do not fall down
KickOffstart::0
-----------------------------------time:85.16
------------------------------------
do not fall down
KickOffstart::0
-----------------------------------time:85.18
------------------------------------
do not fall down
KickOffstart::0
-----------------------------------time:85.2
------------------------------------
do not fall down
KickOffstart::0
-----------------------------------time:85.22
------------------------------------
do not fall down
KickOffstart::0
-----------------------------------time:85.24
------------------------------------
do not fall down
KickOffstart::0
-----------------------------------time:85.26
------------------------------------
do not fall down
KickOffstart::0
-----------------------------------time:85.28
------------------------------------
do not fall down
KickOffstart::0
-----------------------------------time:85.3
------------------------------------
do not fall down
KickOffstart::0
-----------------------------------time:85.32
------------------------------------
do not fall down
KickOffstart::0
-----------------------------------time:85.34
------------------------------------
do not fall down
KickOffstart::0
-----------------------------------time:85.36
------------------------------------
do not fall down
KickOffstart::0
-----------------------------------time:85.38
------------------------------------
do not fall down
KickOffstart::0
-----------------------------------time:85.4
------------------------------------
do not fall down
KickOffstart::0
-----------------------------------time:85.42
------------------------------------
do not fall down
KickOffstart::0
-----------------------------------time:85.44
------------------------------------
do not fall down
KickOffstart::0
-----------------------------------time:85.46
------------------------------------
do not fall down
KickOffstart::0
-----------------------------------time:85.48
------------------------------------
do not fall down
KickOffstart::0
-----------------------------------time:85.5
------------------------------------
do not fall down
KickOffstart::0
-----------------------------------time:85.52
------------------------------------
do not fall down
KickOffstart::0
-----------------------------------time:85.54
------------------------------------
do not fall down
KickOffstart::0
-----------------------------------time:85.56
------------------------------------
do not fall down
KickOffstart::0
-----------------------------------time:85.58
------------------------------------
do not fall down
KickOffstart::0
-----------------------------------time:85.6
------------------------------------
do not fall down
KickOffstart::0
-----------------------------------time:85.62
------------------------------------
do not fall down
KickOffstart::0
-----------------------------------time:85.64
------------------------------------
do not fall down
KickOffstart::0
-----------------------------------time:85.66
------------------------------------
do not fall down
KickOffstart::0
-----------------------------------time:85.68
------------------------------------
do not fall down
KickOffstart::0
-----------------------------------time:85.7
------------------------------------
do not fall down
KickOffstart::0
-----------------------------------time:85.72
------------------------------------
do not fall down
KickOffstart::0
-----------------------------------time:85.74
------------------------------------
do not fall down
KickOffstart::0
-----------------------------------time:85.76
------------------------------------
do not fall down
KickOffstart::0
-----------------------------------time:85.78
------------------------------------
do not fall down
KickOffstart::0
-----------------------------------time:85.8
------------------------------------
do not fall down
KickOffstart::0
-----------------------------------time:85.82
------------------------------------
do not fall down
KickOffstart::0
-----------------------------------time:85.84
------------------------------------
do not fall down
KickOffstart::0
-----------------------------------time:85.86
------------------------------------
do not fall down
KickOffstart::0
-----------------------------------time:85.88
------------------------------------
do not fall down
KickOffstart::0
-----------------------------------time:85.9
------------------------------------
do not fall down
KickOffstart::0
-----------------------------------time:85.92
------------------------------------
do not fall down
KickOffstart::0
-----------------------------------time:85.94
------------------------------------
do not fall down
KickOffstart::0
-----------------------------------time:85.96
------------------------------------
do not fall down
KickOffstart::0
-----------------------------------time:85.98
------------------------------------
do not fall down
KickOffstart::0
-----------------------------------time:86
------------------------------------
do not fall down
KickOffstart::0
-----------------------------------time:86.02
------------------------------------
do not fall down
KickOffstart::0
-----------------------------------time:86.04
------------------------------------
do not fall down
KickOffstart::0
-----------------------------------time:86.06
------------------------------------
do not fall down
KickOffstart::0
-----------------------------------time:86.08
------------------------------------
do not fall down
KickOffstart::0
-----------------------------------time:86.1
------------------------------------
do not fall down
KickOffstart::0
-----------------------------------time:86.12
------------------------------------
do not fall down
KickOffstart::0
-----------------------------------time:86.14
------------------------------------
do not fall down
KickOffstart::0
-----------------------------------time:86.16
------------------------------------
do not fall down
KickOffstart::0
-----------------------------------time:86.18
------------------------------------
do not fall down
KickOffstart::0
-----------------------------------time:86.2
------------------------------------
do not fall down
KickOffstart::0
-----------------------------------time:86.22
------------------------------------
do not fall down
KickOffstart::0
-----------------------------------time:86.24
------------------------------------
do not fall down
KickOffstart::0
-----------------------------------time:86.26
------------------------------------
do not fall down
KickOffstart::0
-----------------------------------time:86.28
------------------------------------
do not fall down
KickOffstart::0
-----------------------------------time:86.3
------------------------------------
do not fall down
KickOffstart::0
-----------------------------------time:86.32
------------------------------------
do not fall down
KickOffstart::0
-----------------------------------time:86.34
------------------------------------
do not fall down
KickOffstart::0
-----------------------------------time:86.36
------------------------------------
do not fall down
KickOffstart::0
-----------------------------------time:86.38
------------------------------------
do not fall down
KickOffstart::0
-----------------------------------time:86.4
------------------------------------
do not fall down
KickOffstart::0
-----------------------------------time:86.42
------------------------------------
do not fall down
KickOffstart::0
-----------------------------------time:86.44
------------------------------------
do not fall down
KickOffstart::0
-----------------------------------time:86.46
------------------------------------
do not fall down
KickOffstart::0
-----------------------------------time:86.48
------------------------------------
do not fall down
KickOffstart::0
-----------------------------------time:86.5
------------------------------------
do not fall down
KickOffstart::0
-----------------------------------time:86.52
------------------------------------
-----------------------------------time:86.54
------------------------------------
-----------------------------------time:86.56
------------------------------------
-----------------------------------time:86.58
------------------------------------
-----------------------------------time:86.6
------------------------------------
-----------------------------------time:86.62
------------------------------------
-----------------------------------time:86.64
------------------------------------
-----------------------------------time:86.66
------------------------------------
-----------------------------------time:86.68
------------------------------------
-----------------------------------time:86.7
------------------------------------
-----------------------------------time:86.72
------------------------------------
-----------------------------------time:86.74
------------------------------------
-----------------------------------time:86.76
------------------------------------
-----------------------------------time:86.78
------------------------------------
-----------------------------------time:86.8
------------------------------------
-----------------------------------time:86.82
------------------------------------
-----------------------------------time:86.84
------------------------------------
-----------------------------------time:86.86
------------------------------------
-----------------------------------time:86.88
------------------------------------
-----------------------------------time:86.9
------------------------------------
-----------------------------------time:86.92
------------------------------------
-----------------------------------time:86.94
------------------------------------
-----------------------------------time:86.96
------------------------------------
-----------------------------------time:86.98
------------------------------------
-----------------------------------time:87
------------------------------------
-----------------------------------time:87.02
------------------------------------
-----------------------------------time:87.04
------------------------------------
-----------------------------------time:87.06
------------------------------------
-----------------------------------time:87.08
------------------------------------
-----------------------------------time:87.1
------------------------------------
-----------------------------------time:87.12
------------------------------------
-----------------------------------time:87.14
------------------------------------
-----------------------------------time:87.16
------------------------------------
-----------------------------------time:87.18
------------------------------------
-----------------------------------time:87.2
------------------------------------
-----------------------------------time:87.22
------------------------------------
timeCounter::::::::::::::::::::::0
-----------------------------------time:87.24
------------------------------------
timeCounter::::::::::::::::::::::1
-----------------------------------time:87.26
------------------------------------
timeCounter::::::::::::::::::::::2
-----------------------------------time:87.28
------------------------------------
timeCounter::::::::::::::::::::::3
-----------------------------------time:87.3
------------------------------------
timeCounter::::::::::::::::::::::4
-----------------------------------time:87.32
------------------------------------
timeCounter::::::::::::::::::::::5
-----------------------------------time:87.34
------------------------------------
timeCounter::::::::::::::::::::::6
-----------------------------------time:87.36
------------------------------------
timeCounter::::::::::::::::::::::7
-----------------------------------time:87.38
------------------------------------
timeCounter::::::::::::::::::::::8
-----------------------------------time:87.4
------------------------------------
timeCounter::::::::::::::::::::::9
-----------------------------------time:87.42
------------------------------------
timeCounter::::::::::::::::::::::10
-----------------------------------time:87.44
------------------------------------
timeCounter::::::::::::::::::::::11
-----------------------------------time:87.46
------------------------------------
timeCounter::::::::::::::::::::::12
-----------------------------------time:87.48
------------------------------------
timeCounter::::::::::::::::::::::13
-----------------------------------time:87.5
------------------------------------
timeCounter::::::::::::::::::::::14
-----------------------------------time:87.52
------------------------------------
timeCounter::::::::::::::::::::::15
-----------------------------------time:87.54
------------------------------------
timeCounter::::::::::::::::::::::16
-----------------------------------time:87.56
------------------------------------
timeCounter::::::::::::::::::::::17
-----------------------------------time:87.58
------------------------------------
timeCounter::::::::::::::::::::::18
-----------------------------------time:87.6
------------------------------------
timeCounter::::::::::::::::::::::19
-----------------------------------time:87.62
------------------------------------
timeCounter::::::::::::::::::::::20
-----------------------------------time:87.64
------------------------------------
timeCounter::::::::::::::::::::::21
-----------------------------------time:87.66
------------------------------------
timeCounter::::::::::::::::::::::22
-----------------------------------time:87.68
------------------------------------
timeCounter::::::::::::::::::::::23
-----------------------------------time:87.7
------------------------------------
timeCounter::::::::::::::::::::::24
-----------------------------------time:87.72
------------------------------------
timeCounter::::::::::::::::::::::25
-----------------------------------time:87.74
------------------------------------
timeCounter::::::::::::::::::::::26
-----------------------------------time:87.76
------------------------------------
timeCounter::::::::::::::::::::::27
-----------------------------------time:87.78
------------------------------------
timeCounter::::::::::::::::::::::28
-----------------------------------time:87.8
------------------------------------
timeCounter::::::::::::::::::::::29
-----------------------------------time:87.82
------------------------------------
timeCounter::::::::::::::::::::::30
-----------------------------------time:87.84
------------------------------------
timeCounter::::::::::::::::::::::31
-----------------------------------time:87.86
------------------------------------
timeCounter::::::::::::::::::::::32
-----------------------------------time:87.88
------------------------------------
timeCounter::::::::::::::::::::::33
-----------------------------------time:87.9
------------------------------------
timeCounter::::::::::::::::::::::34
-----------------------------------time:87.92
------------------------------------
timeCounter::::::::::::::::::::::35
-----------------------------------time:87.94
------------------------------------
timeCounter::::::::::::::::::::::36
-----------------------------------time:87.96
------------------------------------
timeCounter::::::::::::::::::::::37
-----------------------------------time:87.98
------------------------------------
timeCounter::::::::::::::::::::::38
-----------------------------------time:88
------------------------------------
timeCounter::::::::::::::::::::::39
-----------------------------------time:88.02
------------------------------------
timeCounter::::::::::::::::::::::40
-----------------------------------time:88.04
------------------------------------
timeCounter::::::::::::::::::::::41
-----------------------------------time:88.06
------------------------------------
timeCounter::::::::::::::::::::::42
-----------------------------------time:88.08
------------------------------------
timeCounter::::::::::::::::::::::43
-----------------------------------time:88.1
------------------------------------
timeCounter::::::::::::::::::::::44
-----------------------------------time:88.12
------------------------------------
timeCounter::::::::::::::::::::::45
-----------------------------------time:88.14
------------------------------------
timeCounter::::::::::::::::::::::46
-----------------------------------time:88.16
------------------------------------
timeCounter::::::::::::::::::::::47
-----------------------------------time:88.18
------------------------------------
timeCounter::::::::::::::::::::::48
-----------------------------------time:88.2
------------------------------------
timeCounter::::::::::::::::::::::49
-----------------------------------time:88.22
------------------------------------
timeCounter::::::::::::::::::::::50
-----------------------------------time:88.24
------------------------------------
timeCounter::::::::::::::::::::::51
-----------------------------------time:88.26
------------------------------------
timeCounter::::::::::::::::::::::52
-----------------------------------time:88.28
------------------------------------
timeCounter::::::::::::::::::::::53
-----------------------------------time:88.3
------------------------------------
timeCounter::::::::::::::::::::::54
-----------------------------------time:88.32
------------------------------------
timeCounter::::::::::::::::::::::55
-----------------------------------time:88.34
------------------------------------
timeCounter::::::::::::::::::::::56
-----------------------------------time:88.36
------------------------------------
timeCounter::::::::::::::::::::::57
-----------------------------------time:88.38
------------------------------------
timeCounter::::::::::::::::::::::58
-----------------------------------time:88.4
------------------------------------
timeCounter::::::::::::::::::::::59
-----------------------------------time:88.42
------------------------------------
timeCounter::::::::::::::::::::::60
-----------------------------------time:88.44
------------------------------------
timeCounter::::::::::::::::::::::61
-----------------------------------time:88.46
------------------------------------
timeCounter::::::::::::::::::::::62
-----------------------------------time:88.48
------------------------------------
timeCounter::::::::::::::::::::::63
-----------------------------------time:88.5
------------------------------------
timeCounter::::::::::::::::::::::64
-----------------------------------time:88.52
------------------------------------
timeCounter::::::::::::::::::::::65
-----------------------------------time:88.54
------------------------------------
timeCounter::::::::::::::::::::::66
-----------------------------------time:88.56
------------------------------------
timeCounter::::::::::::::::::::::67
-----------------------------------time:88.58
------------------------------------
timeCounter::::::::::::::::::::::68
-----------------------------------time:88.6
------------------------------------
timeCounter::::::::::::::::::::::69
-----------------------------------time:88.62
------------------------------------
timeCounter::::::::::::::::::::::70
-----------------------------------time:88.64
------------------------------------
timeCounter::::::::::::::::::::::71
-----------------------------------time:88.66
------------------------------------
timeCounter::::::::::::::::::::::72
-----------------------------------time:88.68
------------------------------------
timeCounter::::::::::::::::::::::73
-----------------------------------time:88.7
------------------------------------
timeCounter::::::::::::::::::::::74
-----------------------------------time:88.72
------------------------------------
timeCounter::::::::::::::::::::::75
-----------------------------------time:88.74
------------------------------------
timeCounter::::::::::::::::::::::76
-----------------------------------time:88.76
------------------------------------
timeCounter::::::::::::::::::::::77
-----------------------------------time:88.78
------------------------------------
timeCounter::::::::::::::::::::::78
-----------------------------------time:88.8
------------------------------------
timeCounter::::::::::::::::::::::79
-----------------------------------time:88.82
------------------------------------
timeCounter::::::::::::::::::::::80
-----------------------------------time:88.84
------------------------------------
timeCounter::::::::::::::::::::::81
-----------------------------------time:88.86
------------------------------------
timeCounter::::::::::::::::::::::82
-----------------------------------time:88.88
------------------------------------
timeCounter::::::::::::::::::::::83
-----------------------------------time:88.9
------------------------------------
timeCounter::::::::::::::::::::::84
-----------------------------------time:88.92
------------------------------------
timeCounter::::::::::::::::::::::85
-----------------------------------time:88.94
------------------------------------
timeCounter::::::::::::::::::::::86
-----------------------------------time:88.96
------------------------------------
timeCounter::::::::::::::::::::::87
-----------------------------------time:88.98
------------------------------------
timeCounter::::::::::::::::::::::88
-----------------------------------time:89
------------------------------------
timeCounter::::::::::::::::::::::89
-----------------------------------time:89.02
------------------------------------
timeCounter::::::::::::::::::::::90
-----------------------------------time:89.04
------------------------------------
timeCounter::::::::::::::::::::::91
-----------------------------------time:89.06
------------------------------------
timeCounter::::::::::::::::::::::92
-----------------------------------time:89.08
------------------------------------
timeCounter::::::::::::::::::::::93
-----------------------------------time:89.1
------------------------------------
timeCounter::::::::::::::::::::::94
-----------------------------------time:89.12
------------------------------------
timeCounter::::::::::::::::::::::95
-----------------------------------time:89.14
------------------------------------
timeCounter::::::::::::::::::::::96
-----------------------------------time:89.16
------------------------------------
timeCounter::::::::::::::::::::::97
-----------------------------------time:89.18
------------------------------------
timeCounter::::::::::::::::::::::98
-----------------------------------time:89.2
------------------------------------
timeCounter::::::::::::::::::::::99
-----------------------------------time:89.22
------------------------------------
timeCounter::::::::::::::::::::::100
-----------------------------------time:89.24
------------------------------------
timeCounter::::::::::::::::::::::101
-----------------------------------time:89.26
------------------------------------
timeCounter::::::::::::::::::::::102
-----------------------------------time:89.28
------------------------------------
timeCounter::::::::::::::::::::::103
-----------------------------------time:89.3
------------------------------------
timeCounter::::::::::::::::::::::104
-----------------------------------time:89.32
------------------------------------
timeCounter::::::::::::::::::::::105
-----------------------------------time:89.34
------------------------------------
timeCounter::::::::::::::::::::::106
-----------------------------------time:89.36
------------------------------------
timeCounter::::::::::::::::::::::107
-----------------------------------time:89.38
------------------------------------
timeCounter::::::::::::::::::::::108
-----------------------------------time:89.4
------------------------------------
timeCounter::::::::::::::::::::::109
-----------------------------------time:89.42
------------------------------------
timeCounter::::::::::::::::::::::110
-----------------------------------time:89.44
------------------------------------
timeCounter::::::::::::::::::::::111
-----------------------------------time:89.46
------------------------------------
timeCounter::::::::::::::::::::::112
-----------------------------------time:89.48
------------------------------------
timeCounter::::::::::::::::::::::113
-----------------------------------time:89.5
------------------------------------
timeCounter::::::::::::::::::::::114
-----------------------------------time:89.52
------------------------------------
timeCounter::::::::::::::::::::::115
-----------------------------------time:89.54
------------------------------------
timeCounter::::::::::::::::::::::116
-----------------------------------time:89.56
------------------------------------
timeCounter::::::::::::::::::::::117
-----------------------------------time:89.58
------------------------------------
timeCounter::::::::::::::::::::::118
-----------------------------------time:89.6
------------------------------------
timeCounter::::::::::::::::::::::119
-----------------------------------time:89.62
------------------------------------
timeCounter::::::::::::::::::::::120
-----------------------------------time:89.64
------------------------------------
timeCounter::::::::::::::::::::::121
-----------------------------------time:89.66
------------------------------------
timeCounter::::::::::::::::::::::122
-----------------------------------time:89.68
------------------------------------
timeCounter::::::::::::::::::::::123
-----------------------------------time:89.7
------------------------------------
timeCounter::::::::::::::::::::::124
-----------------------------------time:89.72
------------------------------------
timeCounter::::::::::::::::::::::125
-----------------------------------time:89.74
------------------------------------
timeCounter::::::::::::::::::::::126
-----------------------------------time:89.76
------------------------------------
timeCounter::::::::::::::::::::::127
-----------------------------------time:89.78
------------------------------------
timeCounter::::::::::::::::::::::128
-----------------------------------time:89.8
------------------------------------
timeCounter::::::::::::::::::::::129
-----------------------------------time:89.82
------------------------------------
timeCounter::::::::::::::::::::::130
-----------------------------------time:89.84
------------------------------------
timeCounter::::::::::::::::::::::131
-----------------------------------time:89.86
------------------------------------
timeCounter::::::::::::::::::::::132
-----------------------------------time:89.88
------------------------------------
timeCounter::::::::::::::::::::::133
-----------------------------------time:89.9
------------------------------------
timeCounter::::::::::::::::::::::134
-----------------------------------time:89.92
------------------------------------
timeCounter::::::::::::::::::::::135
-----------------------------------time:89.94
------------------------------------
timeCounter::::::::::::::::::::::136
-----------------------------------time:89.96
------------------------------------
timeCounter::::::::::::::::::::::137
-----------------------------------time:89.98
------------------------------------
timeCounter::::::::::::::::::::::138
-----------------------------------time:90
------------------------------------
timeCounter::::::::::::::::::::::139
-----------------------------------time:90.02
------------------------------------
timeCounter::::::::::::::::::::::140
-----------------------------------time:90.04
------------------------------------
timeCounter::::::::::::::::::::::141
-----------------------------------time:90.06
------------------------------------
timeCounter::::::::::::::::::::::142
-----------------------------------time:90.08
------------------------------------
timeCounter::::::::::::::::::::::143
-----------------------------------time:90.1
------------------------------------
timeCounter::::::::::::::::::::::144
-----------------------------------time:90.12
------------------------------------
timeCounter::::::::::::::::::::::145
-----------------------------------time:90.14
------------------------------------
timeCounter::::::::::::::::::::::146
-----------------------------------time:90.16
------------------------------------
timeCounter::::::::::::::::::::::147
-----------------------------------time:90.18
------------------------------------
timeCounter::::::::::::::::::::::148
-----------------------------------time:90.2
------------------------------------
timeCounter::::::::::::::::::::::149
-----------------------------------time:90.22
------------------------------------
timeCounter::::::::::::::::::::::150
-----------------------------------time:90.24
------------------------------------
timeCounter::::::::::::::::::::::151
-----------------------------------time:90.26
------------------------------------
HIP0.055
THIGH0.135
SHANK0.11
BODYHEIGHT0.24
-----------------------------------time:90.28
------------------------------------
HIP0.055
THIGH0.135
SHANK0.11
BODYHEIGHT0.24
-----------------------------------time:90.3
------------------------------------
HIP0.055
THIGH0.135
SHANK0.11
BODYHEIGHT0.24
-----------------------------------time:90.32
------------------------------------
HIP0.055
THIGH0.135
SHANK0.11
BODYHEIGHT0.24
-----------------------------------time:90.34
------------------------------------
HIP0.055
THIGH0.135
SHANK0.11
BODYHEIGHT0.24
-----------------------------------time:90.36
------------------------------------
HIP0.055
THIGH0.135
SHANK0.11
BODYHEIGHT0.24
-----------------------------------time:90.38
------------------------------------
HIP0.055
THIGH0.135
SHANK0.11
BODYHEIGHT0.24
-----------------------------------time:90.4
------------------------------------
HIP0.055
THIGH0.135
SHANK0.11
BODYHEIGHT0.24
-----------------------------------time:90.42
------------------------------------
HIP0.055
THIGH0.135
SHANK0.11
BODYHEIGHT0.24
-----------------------------------time:90.44
------------------------------------
HIP0.055
THIGH0.135
SHANK0.11
BODYHEIGHT0.24
-----------------------------------time:90.46
------------------------------------
HIP0.055
THIGH0.135
SHANK0.11
BODYHEIGHT0.24
-----------------------------------time:90.48
------------------------------------
HIP0.055
THIGH0.135
SHANK0.11
BODYHEIGHT0.24
-----------------------------------time:90.5
------------------------------------
HIP0.055
THIGH0.135
SHANK0.11
BODYHEIGHT0.24
-----------------------------------time:90.52
------------------------------------
HIP0.055
THIGH0.135
SHANK0.11
BODYHEIGHT0.24
-----------------------------------time:90.54
------------------------------------
HIP0.055
THIGH0.135
SHANK0.11
BODYHEIGHT0.24
-----------------------------------time:90.56
------------------------------------
HIP0.055
THIGH0.135
SHANK0.11
BODYHEIGHT0.24
-----------------------------------time:90.58
------------------------------------
HIP0.055
THIGH0.135
SHANK0.11
BODYHEIGHT0.24
-----------------------------------time:90.6
